17.02.2026	13.57.56	7a6b3358-c125-4660-b688-bcdf10c607c4	GET	/hello	undefined
17.02.2026	14.00.10	7c6e7f5f-5d14-40d4-8d64-aad6ce1c6bf3	GET	/hello	undefined
17.02.2026	14.03.28	bc7ae7d7-1524-4bce-b9f7-c5fd98b9f035	GET	/hello	undefined
17.02.2026	14.03.29	ff1fee8c-1e29-4378-b9b4-ecb6aeda503f	GET	/hello	undefined
17.02.2026	14.03.37	fbbc48a3-8d04-4179-a665-a30f3980e60a	GET	/hellop	undefined
17.02.2026	17.48.56	062f1561-96e4-43e3-a9cd-5be8ac8c5baa	POST	/api/auth/register	undefined
17.02.2026	17.51.38	e8ff90b6-0f2f-4e4d-8e49-00fcea2c792d	POST	/api/auth/login	undefined
17.02.2026	17.52.46	475a904f-8db9-4574-af1d-c054c2e16ce3	POST	/api/auth/register	undefined
17.02.2026	17.52.52	5576153a-4bd0-4c80-8fe1-a15692c25d94	POST	/api/auth/register	undefined
17.02.2026	19.24.39	6712bee1-a874-4ef1-9c00-5628160302bb	POST	/api/auth/login	undefined
17.02.2026	19.26.13	8f18c363-4f58-47f5-8bb6-05417e9efcbd	POST	/api/auth/login	undefined
17.02.2026	19.26.54	c957243f-40c6-481e-904d-3f3cdafd96d9	POST	/api/auth/login	undefined
17.02.2026	19.28.25	b767976a-f14f-4380-8c7b-567d74071009	POST	/api/auth/login	undefined
17.02.2026	19.35.00	c8ba0ee7-759d-4c0e-b12f-68ccb97af747	POST	/api/auth/login	undefined
17.02.2026	19.35.02	340d4397-960e-4fcd-8eff-357d0adfbe42	POST	/api/auth/login	undefined
18.02.2026	20.12.42	2a04cbf1-28b9-4ffb-9fc0-6f6476d60ba1	GET	/api/auth	undefined
18.02.2026	20.13.27	737c10e4-1f1c-4ad9-9965-c694f145a1e6	POST	/api/auth	undefined
18.02.2026	20.13.28	e0613b0c-38d3-4c60-91a9-b2fcd930ddaa	POST	/api/auth	undefined
18.02.2026	20.14.53	d6753c5e-c074-4563-94d2-7bbe58a58adf	POST	/api/auth	undefined
18.02.2026	20.14.54	7d64ec60-1e7b-49ce-b5f1-0f671db247c4	POST	/api/auth	undefined
18.02.2026	20.16.05	d91e852e-af59-485f-bfa5-1b0b8c3eabfd	POST	/api/auth	undefined
18.02.2026	20.16.05	dfd6bd54-1e5a-4e65-bc1c-19829d477506	POST	/api/auth	undefined
18.02.2026	20.16.06	12f5e478-eb4b-46cc-8a89-13972070349f	POST	/api/auth	undefined
18.02.2026	20.16.07	63431efd-2eeb-4afe-a3a7-cb405782cada	POST	/api/auth	undefined
18.02.2026	20.16.28	3d3c15e4-c6f4-4ca9-8908-c5678ebab3ab	POST	/api/notes	undefined
18.02.2026	20.16.54	e9117235-737e-4d17-b9d2-c1e219cdd15d	DELETE	/api/notes/5e95559f-e7db-49ea-8ad6-b1d8b6fef17d	undefined
18.02.2026	21.40.34	f2ab3d69-8b58-43e9-9484-d0f8465b4f30	POST	/api/auth/register	undefined
18.02.2026	21.40.46	acc6738c-19ba-4703-85bd-13492cb011cc	POST	/api/auth/register	undefined
18.02.2026	21.42.37	b5922416-e48c-4b3e-b117-3b6cb13c3f6b	POST	/api/auth/login	undefined
18.02.2026	21.42.47	35b437a1-b4ff-416b-a30b-62c0e506c34b	POST	/api/auth/login	undefined
18.02.2026	21.43.11	8464f6c9-d452-4aec-bd32-70acc80e503a	POST	/api/auth/login	undefined
18.02.2026	21.43.11	31bf00fe-1b2c-4405-9252-11dcb49fc70b	POST	/api/auth/login	undefined
18.02.2026	21.45.53	5f268e8e-eb8d-412b-b0aa-edaa6722b409	POST	/api/auth/register	undefined
18.02.2026	21.47.15	01abc504-6894-4335-922f-2a8c6f9aa027	POST	/api/auth/login	undefined
18.02.2026	21.48.18	ebc1fc1c-6055-45bc-9723-208307b3f626	GET	/api/auth/refresh-token	undefined
18.02.2026	21.49.16	40e74e5b-f4cd-4175-8bc2-213b70cd6902	POST	/api/auth/refresh-token	undefined
18.02.2026	21.50.42	45b15b47-903e-44e0-9cfe-cae025543524	POST	/api/auth/refresh-token	undefined
18.02.2026	21.51.36	aa8ed6de-ab0d-4ca3-ba40-f8b074061f96	POST	/api/notes	undefined
18.02.2026	21.52.42	8f2a6bb7-e7c8-4c4b-8baf-196bbd7599f4	POST	/api/auth/login	undefined
18.02.2026	21.52.48	d3b69750-3714-4652-a4f3-6ab975ca8656	POST	/api/notes	undefined
18.02.2026	21.53.48	16f24339-eb48-4690-b779-97f7a6ae818c	GET	/api/notes	undefined
18.02.2026	21.53.50	599f26f1-41f4-4d71-b09d-1a8abe95f324	GET	/api/notes	undefined
18.02.2026	21.53.51	961da50c-2d2b-4a01-9d39-5ddbb0540eb6	GET	/api/notes	undefined
18.02.2026	21.53.51	88d34e41-e989-4ee2-bf3e-fcaa281f52eb	GET	/api/notes	undefined
18.02.2026	21.53.51	cc574bf4-67e0-4e52-8f19-1e2699ee4761	GET	/api/notes	undefined
18.02.2026	21.53.51	fe2ca6b9-ff95-48af-baf2-e00ee1d0fa7b	GET	/api/notes	undefined
18.02.2026	21.53.52	b0b694ab-53eb-431e-a2eb-808eab8f1fc3	GET	/api/notes	undefined
18.02.2026	21.53.52	97fbd798-ffbe-4380-8b3e-2d0d00d271fc	GET	/api/notes	undefined
18.02.2026	21.54.06	9d99968e-46f7-4efa-898e-0ac2f93c1f85	POST	/api/auth/login	undefined
18.02.2026	21.54.15	a7408664-f63d-4830-8e83-15f3b8d53eae	GET	/api/notes	undefined
18.02.2026	21.54.28	adf114ca-d554-4f21-bb3d-544e27612d13	DELETE	/api/notes/31f71823-79ed-4612-9f04-ea41d9d3dc61	undefined
18.02.2026	21.54.40	01a35c4a-4e07-4191-880e-ad0e447316e6	POST	/api/notes	undefined
